Flat profile:

Each sample counts as 0.01 seconds.
 no time accumulated

  %   cumulative   self              self     total           
 time   seconds   seconds    calls  Ts/call  Ts/call  name    
  0.00      0.00     0.00    65532     0.00     0.00  RBTree<long, void*>::FixAfterInsertion(RBTree<long, void*>::node*)
  0.00      0.00     0.00    49152     0.00     0.00  addReservation_seq(RBTree<long, void*>*, long, long, long)
  0.00      0.00     0.00    49152     0.00     0.00  reservation_alloc_seq(long, long, long)
  0.00      0.00     0.00    49152     0.00     0.00  reservation_addToTotal_seq(reservation*, long)
  0.00      0.00     0.00    49152     0.00     0.00  reservation_updatePrice_seq(reservation*, long)
  0.00      0.00     0.00    18632     0.00     0.00  reservation_info_compare(reservation_info*, reservation_info*)
  0.00      0.00     0.00    18632     0.00     0.00  compareReservationInfo(void const*, void const*)
  0.00      0.00     0.00    16800     0.00     0.00  RBTree<long, void*>::TxGet(int, long)
  0.00      0.00     0.00    16384     0.00     0.00  customer_alloc_seq(long)
  0.00      0.00     0.00    16384     0.00     0.00  manager_addCar_seq(manager*, long, long, long)
  0.00      0.00     0.00    16384     0.00     0.00  manager_addRoom_seq(manager*, long, long, long)
  0.00      0.00     0.00    16384     0.00     0.00  manager_addFlight_seq(manager*, long, long, long)
  0.00      0.00     0.00    16384     0.00     0.00  list_alloc
  0.00      0.00     0.00     8400     0.00     0.00  TMlist_insert
  0.00      0.00     0.00     8400     0.00     0.00  reservation_make(int, reservation*)
  0.00      0.00     0.00     8400     0.00     0.00  reservation_info_alloc(int, reservation_type, long, long)
  0.00      0.00     0.00     8400     0.00     0.00  customer_addReservationInfo(int, customer*, reservation_type, long, long)
  0.00      0.00     0.00     8400     0.00     0.00  long STM::Load<long>(int, long*)
  0.00      0.00     0.00     8316     0.00     0.00  reservation_cancel(int, reservation*)
  0.00      0.00     0.00     6400     0.00     0.00  manager_addCustomer(int, manager*, long)
  0.00      0.00     0.00     6400     0.00     0.00  RBTree<long, void*>::node* STM::Load<RBTree<long, void*>::node*>(int, RBTree<long, void*>::node**)
  0.00      0.00     0.00     3600     0.00     0.00  manager_queryFlight(int, manager*, long)
  0.00      0.00     0.00     3600     0.00     0.00  manager_queryFlightPrice(int, manager*, long)
  0.00      0.00     0.00     3500     0.00     0.00  manager_queryCar(int, manager*, long)
  0.00      0.00     0.00     3500     0.00     0.00  manager_queryCarPrice(int, manager*, long)
  0.00      0.00     0.00     3200     0.00     0.00  manager_reserveCar(int, manager*, long, long)
  0.00      0.00     0.00     3100     0.00     0.00  manager_reserveFlight(int, manager*, long, long)
  0.00      0.00     0.00     2400     0.00     0.00  manager_queryRoom(int, manager*, long)
  0.00      0.00     0.00     2400     0.00     0.00  manager_queryRoomPrice(int, manager*, long)
  0.00      0.00     0.00     2100     0.00     0.00  manager_reserveRoom(int, manager*, long, long)
  0.00      0.00     0.00      382     0.00     0.00  genrand_int32
  0.00      0.00     0.00      382     0.00     0.00  random_generate
  0.00      0.00     0.00        9     0.00     0.00  void std::vector<void*, std::allocator<void*> >::_M_emplace_back_aux<void* const&>(void* const&)
  0.00      0.00     0.00        4     0.00     0.00  init_genrand
  0.00      0.00     0.00        2     0.00     0.00  _GLOBAL__sub_I_pair_alloc
  0.00      0.00     0.00        2     0.00     0.00  std::__cxx11::basic_string<char, std::char_traits<char>, std::allocator<char> > __gnu_cxx::__to_xstring<std::__cxx11::basic_string<char, std::char_traits<char>, std::allocator<char> >, char>(int (*)(char*, unsigned long, char const*, __va_list_tag*), unsigned long, char const*, ...) [clone .constprop.66]
  0.00      0.00     0.00        2     0.00     0.00  thread_barrier
  0.00      0.00     0.00        1     0.00     0.00  _GLOBAL__sub_I__Z12client_alloclP7managerllll
  0.00      0.00     0.00        1     0.00     0.00  _GLOBAL__sub_I__Z13manager_allocv
  0.00      0.00     0.00        1     0.00     0.00  _GLOBAL__sub_I__Z14customer_allocil
  0.00      0.00     0.00        1     0.00     0.00  _GLOBAL__sub_I__Z22reservation_info_alloci16reservation_typell
  0.00      0.00     0.00        1     0.00     0.00  _GLOBAL__sub_I__ZN3STM10desc_tableE
  0.00      0.00     0.00        1     0.00     0.00  _GLOBAL__sub_I_global_params
  0.00      0.00     0.00        1     0.00     0.00  _GLOBAL__sub_I_list_iter_reset
  0.00      0.00     0.00        1     0.00     0.00  client_run(void*)
  0.00      0.00     0.00        1     0.00     0.00  TxDescriptor::reset(bool) [clone .constprop.23]
  0.00      0.00     0.00        1     0.00     0.00  TxDescriptor::validate()
  0.00      0.00     0.00        1     0.00     0.00  std::_Function_base::_Base_manager<TxDescriptor::reset(bool)::{lambda(void*, unsigned long)#1}>::_M_manager(std::_Any_data&, std::_Function_base::_Base_manager<TxDescriptor::reset(bool)::{lambda(void*, unsigned long)#1}> const&, std::_Manager_operation)
  0.00      0.00     0.00        1     0.00     0.00  std::vector<TxDescriptor, std::allocator<TxDescriptor> >::_M_default_append(unsigned long)
  0.00      0.00     0.00        1     0.00     0.00  random_alloc
  0.00      0.00     0.00        1     0.00     0.00  random_seed
  0.00      0.00     0.00        1     0.00     0.00  thread_getId

 %         the percentage of the total running time of the
time       program used by this function.

cumulative a running sum of the number of seconds accounted
 seconds   for by this function and those listed above it.

 self      the number of seconds accounted for by this
seconds    function alone.  This is the major sort for this
           listing.

calls      the number of times this function was invoked, if
           this function is profiled, else blank.

 self      the average number of milliseconds spent in this
ms/call    function per call, if this function is profiled,
	   else blank.

 total     the average number of milliseconds spent in this
ms/call    function and its descendents per call, if this
	   function is profiled, else blank.

name       the name of the function.  This is the minor sort
           for this listing. The index shows the location of
	   the function in the gprof listing. If the index is
	   in parenthesis it shows where it would appear in
	   the gprof listing if it were to be printed.

Copyright (C) 2012-2015 Free Software Foundation, Inc.

Copying and distribution of this file, with or without modification,
are permitted in any medium without royalty provided the copyright
notice and this notice are preserved.

		     Call graph (explanation follows)


granularity: each sample hit covers 2 byte(s) no time propagated

index % time    self  children    called     name
                0.00    0.00   16384/16384       customer_alloc_seq(long) [73]
[1]      0.0    0.00    0.00   16384         list_alloc [1]
-----------------------------------------------
                0.00    0.00    2100/8400        manager_reserveRoom(int, manager*, long, long) [92]
                0.00    0.00    3100/8400        manager_reserveFlight(int, manager*, long, long) [89]
                0.00    0.00    3200/8400        manager_reserveCar(int, manager*, long, long) [88]
[2]      0.0    0.00    0.00    8400         TMlist_insert [2]
                0.00    0.00   18632/18632       reservation_info_compare(reservation_info*, reservation_info*) [70]
                0.00    0.00   18632/18632       compareReservationInfo(void const*, void const*) [71]
-----------------------------------------------
                0.00    0.00     382/382         client_run(void*) [103]
[3]      0.0    0.00    0.00     382         genrand_int32 [3]
-----------------------------------------------
                0.00    0.00     382/382         client_run(void*) [103]
[4]      0.0    0.00    0.00     382         random_generate [4]
-----------------------------------------------
                0.00    0.00       1/4           client_alloc(long, manager*, long, long, long, long) [110]
                0.00    0.00       3/4           random_alloc [7]
[5]      0.0    0.00    0.00       4         init_genrand [5]
-----------------------------------------------
                0.00    0.00       1/2           thread_shutdown [62]
                0.00    0.00       1/2           thread_start [63]
[6]      0.0    0.00    0.00       2         thread_barrier [6]
-----------------------------------------------
                0.00    0.00       1/1           client_alloc(long, manager*, long, long, long, long) [110]
[7]      0.0    0.00    0.00       1         random_alloc [7]
                0.00    0.00       3/4           init_genrand [5]
-----------------------------------------------
                0.00    0.00       1/1           client_alloc(long, manager*, long, long, long, long) [110]
[8]      0.0    0.00    0.00       1         random_seed [8]
-----------------------------------------------
                0.00    0.00       1/1           client_run(void*) [103]
[9]      0.0    0.00    0.00       1         thread_getId [9]
-----------------------------------------------
                0.00    0.00   16383/65532       manager_addCustomer_seq(manager*, long) [136]
                0.00    0.00   49149/65532       addReservation_seq(RBTree<long, void*>*, long, long, long) [66]
[65]     0.0    0.00    0.00   65532         RBTree<long, void*>::FixAfterInsertion(RBTree<long, void*>::node*) [65]
-----------------------------------------------
                0.00    0.00   49152/49152       checkTables(manager*) [108]
[66]     0.0    0.00    0.00   49152         addReservation_seq(RBTree<long, void*>*, long, long, long) [66]
                0.00    0.00   49152/49152       reservation_addToTotal_seq(reservation*, long) [68]
                0.00    0.00   49152/49152       reservation_updatePrice_seq(reservation*, long) [69]
                0.00    0.00   49152/49152       reservation_alloc_seq(long, long, long) [67]
                0.00    0.00   49149/65532       RBTree<long, void*>::FixAfterInsertion(RBTree<long, void*>::node*) [65]
-----------------------------------------------
                0.00    0.00   49152/49152       addReservation_seq(RBTree<long, void*>*, long, long, long) [66]
[67]     0.0    0.00    0.00   49152         reservation_alloc_seq(long, long, long) [67]
-----------------------------------------------
                0.00    0.00   49152/49152       addReservation_seq(RBTree<long, void*>*, long, long, long) [66]
[68]     0.0    0.00    0.00   49152         reservation_addToTotal_seq(reservation*, long) [68]
-----------------------------------------------
                0.00    0.00   49152/49152       addReservation_seq(RBTree<long, void*>*, long, long, long) [66]
[69]     0.0    0.00    0.00   49152         reservation_updatePrice_seq(reservation*, long) [69]
-----------------------------------------------
                0.00    0.00   18632/18632       TMlist_insert [2]
[70]     0.0    0.00    0.00   18632         reservation_info_compare(reservation_info*, reservation_info*) [70]
-----------------------------------------------
                0.00    0.00   18632/18632       TMlist_insert [2]
[71]     0.0    0.00    0.00   18632         compareReservationInfo(void const*, void const*) [71]
-----------------------------------------------
                0.00    0.00    4200/16800       manager_reserveRoom(int, manager*, long, long) [92]
                0.00    0.00    6200/16800       manager_reserveFlight(int, manager*, long, long) [89]
                0.00    0.00    6400/16800       manager_reserveCar(int, manager*, long, long) [88]
[72]     0.0    0.00    0.00   16800         RBTree<long, void*>::TxGet(int, long) [72]
-----------------------------------------------
                0.00    0.00   16384/16384       manager_addCustomer_seq(manager*, long) [136]
[73]     0.0    0.00    0.00   16384         customer_alloc_seq(long) [73]
                0.00    0.00   16384/16384       list_alloc [1]
-----------------------------------------------
                0.00    0.00   16384/16384       checkTables(manager*) [108]
[74]     0.0    0.00    0.00   16384         manager_addCar_seq(manager*, long, long, long) [74]
-----------------------------------------------
                0.00    0.00   16384/16384       checkTables(manager*) [108]
[75]     0.0    0.00    0.00   16384         manager_addRoom_seq(manager*, long, long, long) [75]
-----------------------------------------------
                0.00    0.00   16384/16384       checkTables(manager*) [108]
[76]     0.0    0.00    0.00   16384         manager_addFlight_seq(manager*, long, long, long) [76]
-----------------------------------------------
                0.00    0.00    2100/8400        manager_reserveRoom(int, manager*, long, long) [92]
                0.00    0.00    3100/8400        manager_reserveFlight(int, manager*, long, long) [89]
                0.00    0.00    3200/8400        manager_reserveCar(int, manager*, long, long) [88]
[77]     0.0    0.00    0.00    8400         reservation_make(int, reservation*) [77]
-----------------------------------------------
                0.00    0.00    8400/8400        customer_addReservationInfo(int, customer*, reservation_type, long, long) [79]
[78]     0.0    0.00    0.00    8400         reservation_info_alloc(int, reservation_type, long, long) [78]
                0.00    0.00       9/9           void std::vector<void*, std::allocator<void*> >::_M_emplace_back_aux<void* const&>(void* const&) [93]
-----------------------------------------------
                0.00    0.00    2100/8400        manager_reserveRoom(int, manager*, long, long) [92]
                0.00    0.00    3100/8400        manager_reserveFlight(int, manager*, long, long) [89]
                0.00    0.00    3200/8400        manager_reserveCar(int, manager*, long, long) [88]
[79]     0.0    0.00    0.00    8400         customer_addReservationInfo(int, customer*, reservation_type, long, long) [79]
                0.00    0.00    8400/8400        reservation_info_alloc(int, reservation_type, long, long) [78]
-----------------------------------------------
                0.00    0.00    2100/8400        manager_reserveRoom(int, manager*, long, long) [92]
                0.00    0.00    3100/8400        manager_reserveFlight(int, manager*, long, long) [89]
                0.00    0.00    3200/8400        manager_reserveCar(int, manager*, long, long) [88]
[80]     0.0    0.00    0.00    8400         long STM::Load<long>(int, long*) [80]
-----------------------------------------------
                0.00    0.00    2079/8316        manager_reserveRoom(int, manager*, long, long) [92]
                0.00    0.00    3069/8316        manager_reserveFlight(int, manager*, long, long) [89]
                0.00    0.00    3168/8316        manager_reserveCar(int, manager*, long, long) [88]
[81]     0.0    0.00    0.00    8316         reservation_cancel(int, reservation*) [81]
-----------------------------------------------
                0.00    0.00    6400/6400        client_run(void*) [103]
[82]     0.0    0.00    0.00    6400         manager_addCustomer(int, manager*, long) [82]
                0.00    0.00    6400/6400        RBTree<long, void*>::node* STM::Load<RBTree<long, void*>::node*>(int, RBTree<long, void*>::node**) [83]
-----------------------------------------------
                0.00    0.00    6400/6400        manager_addCustomer(int, manager*, long) [82]
[83]     0.0    0.00    0.00    6400         RBTree<long, void*>::node* STM::Load<RBTree<long, void*>::node*>(int, RBTree<long, void*>::node**) [83]
-----------------------------------------------
                0.00    0.00    3600/3600        client_run(void*) [103]
[84]     0.0    0.00    0.00    3600         manager_queryFlight(int, manager*, long) [84]
-----------------------------------------------
                0.00    0.00    3600/3600        client_run(void*) [103]
[85]     0.0    0.00    0.00    3600         manager_queryFlightPrice(int, manager*, long) [85]
-----------------------------------------------
                0.00    0.00    3500/3500        client_run(void*) [103]
[86]     0.0    0.00    0.00    3500         manager_queryCar(int, manager*, long) [86]
-----------------------------------------------
                0.00    0.00    3500/3500        client_run(void*) [103]
[87]     0.0    0.00    0.00    3500         manager_queryCarPrice(int, manager*, long) [87]
-----------------------------------------------
                0.00    0.00    3200/3200        client_run(void*) [103]
[88]     0.0    0.00    0.00    3200         manager_reserveCar(int, manager*, long, long) [88]
                0.00    0.00    6400/16800       RBTree<long, void*>::TxGet(int, long) [72]
                0.00    0.00    3200/8400        reservation_make(int, reservation*) [77]
                0.00    0.00    3200/8400        long STM::Load<long>(int, long*) [80]
                0.00    0.00    3200/8400        TMlist_insert [2]
                0.00    0.00    3200/8400        customer_addReservationInfo(int, customer*, reservation_type, long, long) [79]
                0.00    0.00    3168/8316        reservation_cancel(int, reservation*) [81]
-----------------------------------------------
                0.00    0.00    3100/3100        client_run(void*) [103]
[89]     0.0    0.00    0.00    3100         manager_reserveFlight(int, manager*, long, long) [89]
                0.00    0.00    6200/16800       RBTree<long, void*>::TxGet(int, long) [72]
                0.00    0.00    3100/8400        reservation_make(int, reservation*) [77]
                0.00    0.00    3100/8400        long STM::Load<long>(int, long*) [80]
                0.00    0.00    3100/8400        TMlist_insert [2]
                0.00    0.00    3100/8400        customer_addReservationInfo(int, customer*, reservation_type, long, long) [79]
                0.00    0.00    3069/8316        reservation_cancel(int, reservation*) [81]
-----------------------------------------------
                0.00    0.00    2400/2400        client_run(void*) [103]
[90]     0.0    0.00    0.00    2400         manager_queryRoom(int, manager*, long) [90]
-----------------------------------------------
                0.00    0.00    2400/2400        client_run(void*) [103]
[91]     0.0    0.00    0.00    2400         manager_queryRoomPrice(int, manager*, long) [91]
-----------------------------------------------
                0.00    0.00    2100/2100        client_run(void*) [103]
[92]     0.0    0.00    0.00    2100         manager_reserveRoom(int, manager*, long, long) [92]
                0.00    0.00    4200/16800       RBTree<long, void*>::TxGet(int, long) [72]
                0.00    0.00    2100/8400        reservation_make(int, reservation*) [77]
                0.00    0.00    2100/8400        long STM::Load<long>(int, long*) [80]
                0.00    0.00    2100/8400        TMlist_insert [2]
                0.00    0.00    2100/8400        customer_addReservationInfo(int, customer*, reservation_type, long, long) [79]
                0.00    0.00    2079/8316        reservation_cancel(int, reservation*) [81]
-----------------------------------------------
                0.00    0.00       9/9           reservation_info_alloc(int, reservation_type, long, long) [78]
[93]     0.0    0.00    0.00       9         void std::vector<void*, std::allocator<void*> >::_M_emplace_back_aux<void* const&>(void* const&) [93]
-----------------------------------------------
                0.00    0.00       2/2           __libc_csu_init [174]
[94]     0.0    0.00    0.00       2         _GLOBAL__sub_I_pair_alloc [94]
-----------------------------------------------
                0.00    0.00       2/2           STM::Exit() [150]
[95]     0.0    0.00    0.00       2         std::__cxx11::basic_string<char, std::char_traits<char>, std::allocator<char> > __gnu_cxx::__to_xstring<std::__cxx11::basic_string<char, std::char_traits<char>, std::allocator<char> >, char>(int (*)(char*, unsigned long, char const*, __va_list_tag*), unsigned long, char const*, ...) [clone .constprop.66] [95]
-----------------------------------------------
                0.00    0.00       1/1           __libc_csu_init [174]
[96]     0.0    0.00    0.00       1         _GLOBAL__sub_I__Z12client_alloclP7managerllll [96]
-----------------------------------------------
                0.00    0.00       1/1           __libc_csu_init [174]
[97]     0.0    0.00    0.00       1         _GLOBAL__sub_I__Z13manager_allocv [97]
-----------------------------------------------
                0.00    0.00       1/1           __libc_csu_init [174]
[98]     0.0    0.00    0.00       1         _GLOBAL__sub_I__Z14customer_allocil [98]
-----------------------------------------------
                0.00    0.00       1/1           __libc_csu_init [174]
[99]     0.0    0.00    0.00       1         _GLOBAL__sub_I__Z22reservation_info_alloci16reservation_typell [99]
-----------------------------------------------
                0.00    0.00       1/1           __libc_csu_init [174]
[100]    0.0    0.00    0.00       1         _GLOBAL__sub_I__ZN3STM10desc_tableE [100]
-----------------------------------------------
                0.00    0.00       1/1           __libc_csu_init [174]
[101]    0.0    0.00    0.00       1         _GLOBAL__sub_I_global_params [101]
-----------------------------------------------
                0.00    0.00       1/1           __libc_csu_init [174]
[102]    0.0    0.00    0.00       1         _GLOBAL__sub_I_list_iter_reset [102]
-----------------------------------------------
                0.00    0.00       1/1           thread_start [63]
[103]    0.0    0.00    0.00       1         client_run(void*) [103]
                0.00    0.00    6400/6400        manager_addCustomer(int, manager*, long) [82]
                0.00    0.00    3600/3600        manager_queryFlight(int, manager*, long) [84]
                0.00    0.00    3600/3600        manager_queryFlightPrice(int, manager*, long) [85]
                0.00    0.00    3500/3500        manager_queryCar(int, manager*, long) [86]
                0.00    0.00    3500/3500        manager_queryCarPrice(int, manager*, long) [87]
                0.00    0.00    3200/3200        manager_reserveCar(int, manager*, long, long) [88]
                0.00    0.00    3100/3100        manager_reserveFlight(int, manager*, long, long) [89]
                0.00    0.00    2400/2400        manager_queryRoom(int, manager*, long) [90]
                0.00    0.00    2400/2400        manager_queryRoomPrice(int, manager*, long) [91]
                0.00    0.00    2100/2100        manager_reserveRoom(int, manager*, long, long) [92]
                0.00    0.00     382/382         genrand_int32 [3]
                0.00    0.00     382/382         random_generate [4]
                0.00    0.00       1/1           thread_getId [9]
                0.00    0.00       1/1           TxDescriptor::validate() [105]
                0.00    0.00       1/1           TxDescriptor::reset(bool) [clone .constprop.23] [104]
-----------------------------------------------
                0.00    0.00       1/1           client_run(void*) [103]
[104]    0.0    0.00    0.00       1         TxDescriptor::reset(bool) [clone .constprop.23] [104]
                0.00    0.00       1/1           std::_Function_base::_Base_manager<TxDescriptor::reset(bool)::{lambda(void*, unsigned long)#1}>::_M_manager(std::_Any_data&, std::_Function_base::_Base_manager<TxDescriptor::reset(bool)::{lambda(void*, unsigned long)#1}> const&, std::_Manager_operation) [106]
-----------------------------------------------
                0.00    0.00       1/1           client_run(void*) [103]
[105]    0.0    0.00    0.00       1         TxDescriptor::validate() [105]
-----------------------------------------------
                0.00    0.00       1/1           TxDescriptor::reset(bool) [clone .constprop.23] [104]
[106]    0.0    0.00    0.00       1         std::_Function_base::_Base_manager<TxDescriptor::reset(bool)::{lambda(void*, unsigned long)#1}>::_M_manager(std::_Any_data&, std::_Function_base::_Base_manager<TxDescriptor::reset(bool)::{lambda(void*, unsigned long)#1}> const&, std::_Manager_operation) [106]
-----------------------------------------------
                0.00    0.00       1/1           STM::Init(int) [151]
[107]    0.0    0.00    0.00       1         std::vector<TxDescriptor, std::allocator<TxDescriptor> >::_M_default_append(unsigned long) [107]
-----------------------------------------------

 This table describes the call tree of the program, and was sorted by
 the total amount of time spent in each function and its children.

 Each entry in this table consists of several lines.  The line with the
 index number at the left hand margin lists the current function.
 The lines above it list the functions that called this function,
 and the lines below it list the functions this one called.
 This line lists:
     index	A unique number given to each element of the table.
		Index numbers are sorted numerically.
		The index number is printed next to every function name so
		it is easier to look up where the function is in the table.

     % time	This is the percentage of the `total' time that was spent
		in this function and its children.  Note that due to
		different viewpoints, functions excluded by options, etc,
		these numbers will NOT add up to 100%.

     self	This is the total amount of time spent in this function.

     children	This is the total amount of time propagated into this
		function by its children.

     called	This is the number of times the function was called.
		If the function called itself recursively, the number
		only includes non-recursive calls, and is followed by
		a `+' and the number of recursive calls.

     name	The name of the current function.  The index number is
		printed after it.  If the function is a member of a
		cycle, the cycle number is printed between the
		function's name and the index number.


 For the function's parents, the fields have the following meanings:

     self	This is the amount of time that was propagated directly
		from the function into this parent.

     children	This is the amount of time that was propagated from
		the function's children into this parent.

     called	This is the number of times this parent called the
		function `/' the total number of times the function
		was called.  Recursive calls to the function are not
		included in the number after the `/'.

     name	This is the name of the parent.  The parent's index
		number is printed after it.  If the parent is a
		member of a cycle, the cycle number is printed between
		the name and the index number.

 If the parents of the function cannot be determined, the word
 `<spontaneous>' is printed in the `name' field, and all the other
 fields are blank.

 For the function's children, the fields have the following meanings:

     self	This is the amount of time that was propagated directly
		from the child into the function.

     children	This is the amount of time that was propagated from the
		child's children to the function.

     called	This is the number of times the function called
		this child `/' the total number of times the child
		was called.  Recursive calls by the child are not
		listed in the number after the `/'.

     name	This is the name of the child.  The child's index
		number is printed after it.  If the child is a
		member of a cycle, the cycle number is printed
		between the name and the index number.

 If there are any cycles (circles) in the call graph, there is an
 entry for the cycle-as-a-whole.  This entry shows who called the
 cycle (as parents) and the members of the cycle (as children.)
 The `+' recursive calls entry shows the number of function calls that
 were internal to the cycle, and the calls entry for each member shows,
 for that member, how many times it was called from other members of
 the cycle.

Copyright (C) 2012-2015 Free Software Foundation, Inc.

Copying and distribution of this file, with or without modification,
are permitted in any medium without royalty provided the copyright
notice and this notice are preserved.

Index by function name

   [2] TMlist_insert          [82] manager_addCustomer(int, manager*, long) [83] RBTree<long, void*>::node* STM::Load<RBTree<long, void*>::node*>(int, RBTree<long, void*>::node**)
  [96] _GLOBAL__sub_I__Z12client_alloclP7managerllll [75] manager_addRoom_seq(manager*, long, long, long) [80] long STM::Load<long>(int, long*)
  [97] _GLOBAL__sub_I__Z13manager_allocv [84] manager_queryFlight(int, manager*, long) [65] RBTree<long, void*>::FixAfterInsertion(RBTree<long, void*>::node*)
  [98] _GLOBAL__sub_I__Z14customer_allocil [92] manager_reserveRoom(int, manager*, long, long) [72] RBTree<long, void*>::TxGet(int, long)
  [99] _GLOBAL__sub_I__Z22reservation_info_alloci16reservation_typell [76] manager_addFlight_seq(manager*, long, long, long) [95] std::__cxx11::basic_string<char, std::char_traits<char>, std::allocator<char> > __gnu_cxx::__to_xstring<std::__cxx11::basic_string<char, std::char_traits<char>, std::allocator<char> >, char>(int (*)(char*, unsigned long, char const*, __va_list_tag*), unsigned long, char const*, ...) [clone .constprop.66]
 [100] _GLOBAL__sub_I__ZN3STM10desc_tableE [87] manager_queryCarPrice(int, manager*, long) [106] std::_Function_base::_Base_manager<TxDescriptor::reset(bool)::{lambda(void*, unsigned long)#1}>::_M_manager(std::_Any_data&, std::_Function_base::_Base_manager<TxDescriptor::reset(bool)::{lambda(void*, unsigned long)#1}> const&, std::_Manager_operation)
 [101] _GLOBAL__sub_I_global_params [89] manager_reserveFlight(int, manager*, long, long) [107] std::vector<TxDescriptor, std::allocator<TxDescriptor> >::_M_default_append(unsigned long)
 [102] _GLOBAL__sub_I_list_iter_reset [67] reservation_alloc_seq(long, long, long) [93] void std::vector<void*, std::allocator<void*> >::_M_emplace_back_aux<void* const&>(void* const&)
  [94] _GLOBAL__sub_I_pair_alloc [91] manager_queryRoomPrice(int, manager*, long) [3] genrand_int32
 [103] client_run(void*)      [78] reservation_info_alloc(int, reservation_type, long, long) [5] init_genrand
  [86] manager_queryCar(int, manager*, long) [85] manager_queryFlightPrice(int, manager*, long) [1] list_alloc
  [77] reservation_make(int, reservation*) [70] reservation_info_compare(reservation_info*, reservation_info*) [7] random_alloc
  [90] manager_queryRoom(int, manager*, long) [68] reservation_addToTotal_seq(reservation*, long) [4] random_generate
  [66] addReservation_seq(RBTree<long, void*>*, long, long, long) [79] customer_addReservationInfo(int, customer*, reservation_type, long, long) [8] random_seed
  [73] customer_alloc_seq(long) [69] reservation_updatePrice_seq(reservation*, long) [6] thread_barrier
  [74] manager_addCar_seq(manager*, long, long, long) [71] compareReservationInfo(void const*, void const*) [9] thread_getId
  [88] manager_reserveCar(int, manager*, long, long) [104] TxDescriptor::reset(bool) [clone .constprop.23]
  [81] reservation_cancel(int, reservation*) [105] TxDescriptor::validate()
